<?xml version="1.0" encoding="UTF-8"?>
<testng-results ignored="0" total="2" passed="2" failed="0" skipped="0">
  <reporter-output>
    <line>
      <![CDATA[======Launch Browser======]]>
    </line>
  </reporter-output>
  <suite started-at="2024-11-12T10:03:11 PKT" name="tests.E2ETest" finished-at="2024-11-12T10:05:08 PKT" duration-ms="117339">
    <groups>
    </groups>
    <test started-at="2024-11-12T10:03:11 PKT" name="Command line test" finished-at="2024-11-12T10:05:08 PKT" duration-ms="117339">
      <class name="tests.E2ETest">
        <test-method is-config="true" signature="beforeTest()[pri:0, instance:tests.E2ETest@2b6856dd]" started-at="2024-11-12T10:03:11 PKT" name="beforeTest" finished-at="2024-11-12T10:03:11 PKT" duration-ms="14" status="PASS">
          <reporter-output>
          </reporter-output>
        </test-method> <!-- beforeTest -->
        <test-method is-config="true" signature="launchBrowser()[pri:0, instance:tests.E2ETest@2b6856dd]" started-at="2024-11-12T10:03:11 PKT" name="launchBrowser" finished-at="2024-11-12T10:05:00 PKT" duration-ms="109340" status="PASS">
          <reporter-output>
            <line>
              <![CDATA[======Launch Browser======]]>
            </line>
          </reporter-output>
        </test-method> <!-- launchBrowser -->
        <test-method signature="verifyTitleOfLandingPage(java.lang.reflect.Method)[pri:1, instance:tests.E2ETest@2b6856dd]" started-at="2024-11-12T10:05:00 PKT" name="verifyTitleOfLandingPage" description="Verify Title of landingPage" finished-at="2024-11-12T10:05:03 PKT" duration-ms="2447" status="PASS">
          <params>
            <param index="0">
              <value>
                <![CDATA[public void tests.E2ETest.verifyTitleOfLandingPage(java.lang.reflect.Method) throws java.lang.Exception]]>
              </value>
            </param>
          </params>
          <reporter-output>
          </reporter-output>
        </test-method> <!-- verifyTitleOfLandingPage -->
        <test-method signature="enterSearchItemOnLandingPage(java.lang.reflect.Method)[pri:2, instance:tests.E2ETest@2b6856dd]" started-at="2024-11-12T10:05:03 PKT" name="enterSearchItemOnLandingPage" description="User Enter the product item in a search bar" finished-at="2024-11-12T10:05:08 PKT" duration-ms="5499" status="PASS">
          <params>
            <param index="0">
              <value>
                <![CDATA[public void tests.E2ETest.enterSearchItemOnLandingPage(java.lang.reflect.Method) throws java.lang.Exception]]>
              </value>
            </param>
          </params>
          <reporter-output>
          </reporter-output>
        </test-method> <!-- enterSearchItemOnLandingPage -->
      </class> <!-- tests.E2ETest -->
    </test> <!-- Command line test -->
  </suite> <!-- tests.E2ETest -->
</testng-results>
